{"obj": {"type": "AssignInt", "path": ["hparam", "steps"], "value": 200}, "version": 1}
{"obj": {"type": "AssignFloat", "path": ["hparam", "ccp_alpha"], "value": 0.0}, "version": 2}
{"obj": {"type": "AssignFloat", "path": ["hparam", "max_samples"], "value": 0.8}, "version": 3}
{"obj": {"type": "LogFloats", "path": ["hparam", "SNR(R2)"], "values": [{"value": 0.43987526048312564, "step": null, "ts": 1684164919.901495}]}, "version": 4}
{"obj": {"type": "UploadFile", "path": ["plot", "train", "0"], "ext": "png", "file_path": null, "tmp_file_name": "plot_train_0-1684164921.286162-2023-05-16_00.35.21.286162.png", "clean_after_upload": false}, "version": 5}
{"obj": {"type": "UploadFile", "path": ["plot", "test", "0"], "ext": "png", "file_path": null, "tmp_file_name": "plot_test_0-1684164922.12441-2023-05-16_00.35.22.124410.png", "clean_after_upload": false}, "version": 6}
{"obj": {"type": "LogFloats", "path": ["metrics", "RandomForest", "brier"], "values": [{"value": 0.375, "step": null, "ts": 1684164922.17693}]}, "version": 7}
{"obj": {"type": "LogFloats", "path": ["metrics", "RandomForest", "f1"], "values": [{"value": 0.625, "step": null, "ts": 1684164922.177593}]}, "version": 8}
{"obj": {"type": "LogFloats", "path": ["metrics", "RandomForest", "precision"], "values": [{"value": 0.625, "step": null, "ts": 1684164922.178101}]}, "version": 9}
{"obj": {"type": "LogFloats", "path": ["metrics", "RandomForest", "recall"], "values": [{"value": 0.625, "step": null, "ts": 1684164922.178624}]}, "version": 10}
{"obj": {"type": "UploadFile", "path": ["metrics", "RandomForest", "conf_mtx", "0"], "ext": "png", "file_path": null, "tmp_file_name": "metrics_RandomForest_conf_mtx_0-1684164922.259738-2023-05-16_00.35.22.259738.png", "clean_after_upload": false}, "version": 11}
{"obj": {"type": "LogFloats", "path": ["metrics", "DecisionTree - Bagging", "brier"], "values": [{"value": 0.34375, "step": null, "ts": 1684164922.260397}]}, "version": 12}
{"obj": {"type": "LogFloats", "path": ["metrics", "DecisionTree - Bagging", "f1"], "values": [{"value": 0.65625, "step": null, "ts": 1684164922.261003}]}, "version": 13}
{"obj": {"type": "LogFloats", "path": ["metrics", "DecisionTree - Bagging", "precision"], "values": [{"value": 0.65625, "step": null, "ts": 1684164922.261524}]}, "version": 14}
{"obj": {"type": "LogFloats", "path": ["metrics", "DecisionTree - Bagging", "recall"], "values": [{"value": 0.65625, "step": null, "ts": 1684164922.2620292}]}, "version": 15}
{"obj": {"type": "UploadFile", "path": ["metrics", "DecisionTree - Bagging", "conf_mtx", "0"], "ext": "png", "file_path": null, "tmp_file_name": "metrics_DecisionTree - Bagging_conf_mtx_0-1684164922.342182-2023-05-16_00.35.22.342182.png", "clean_after_upload": false}, "version": 16}
{"obj": {"type": "LogFloats", "path": ["metrics", "RandomForest - Bagging", "brier"], "values": [{"value": 0.3125, "step": null, "ts": 1684164922.342751}]}, "version": 17}
{"obj": {"type": "LogFloats", "path": ["metrics", "RandomForest - Bagging", "f1"], "values": [{"value": 0.6875, "step": null, "ts": 1684164922.343348}]}, "version": 18}
{"obj": {"type": "LogFloats", "path": ["metrics", "RandomForest - Bagging", "precision"], "values": [{"value": 0.6875, "step": null, "ts": 1684164922.3439}]}, "version": 19}
{"obj": {"type": "LogFloats", "path": ["metrics", "RandomForest - Bagging", "recall"], "values": [{"value": 0.6875, "step": null, "ts": 1684164922.3444118}]}, "version": 20}
{"obj": {"type": "UploadFile", "path": ["metrics", "RandomForest - Bagging", "conf_mtx", "0"], "ext": "png", "file_path": null, "tmp_file_name": "metrics_RandomForest - Bagging_conf_mtx_0-1684164922.425111-2023-05-16_00.35.22.425111.png", "clean_after_upload": false}, "version": 21}
{"obj": {"type": "LogFloats", "path": ["hparam", "SNR(R2)"], "values": [{"value": 0.5103962660904586, "step": null, "ts": 1684164922.433331}]}, "version": 22}
{"obj": {"type": "UploadFile", "path": ["plot", "train", "1"], "ext": "png", "file_path": null, "tmp_file_name": "plot_train_1-1684164924.063569-2023-05-16_00.35.24.063569.png", "clean_after_upload": false}, "version": 23}
{"obj": {"type": "UploadFile", "path": ["plot", "test", "1"], "ext": "png", "file_path": null, "tmp_file_name": "plot_test_1-1684164924.770071-2023-05-16_00.35.24.770071.png", "clean_after_upload": false}, "version": 24}
{"obj": {"type": "LogFloats", "path": ["metrics", "RandomForest", "brier"], "values": [{"value": 0.42424242424242425, "step": null, "ts": 1684164924.824109}]}, "version": 25}
{"obj": {"type": "LogFloats", "path": ["metrics", "RandomForest", "f1"], "values": [{"value": 0.5757575757575758, "step": null, "ts": 1684164924.824817}]}, "version": 26}
{"obj": {"type": "LogFloats", "path": ["metrics", "RandomForest", "precision"], "values": [{"value": 0.5757575757575758, "step": null, "ts": 1684164924.8253388}]}, "version": 27}
{"obj": {"type": "LogFloats", "path": ["metrics", "RandomForest", "recall"], "values": [{"value": 0.5757575757575758, "step": null, "ts": 1684164924.825862}]}, "version": 28}
{"obj": {"type": "UploadFile", "path": ["metrics", "RandomForest", "conf_mtx", "1"], "ext": "png", "file_path": null, "tmp_file_name": "metrics_RandomForest_conf_mtx_1-1684164924.904518-2023-05-16_00.35.24.904518.png", "clean_after_upload": false}, "version": 29}
{"obj": {"type": "LogFloats", "path": ["metrics", "DecisionTree - Bagging", "brier"], "values": [{"value": 0.42424242424242425, "step": null, "ts": 1684164924.905162}]}, "version": 30}
{"obj": {"type": "LogFloats", "path": ["metrics", "DecisionTree - Bagging", "f1"], "values": [{"value": 0.5757575757575758, "step": null, "ts": 1684164924.905754}]}, "version": 31}
{"obj": {"type": "LogFloats", "path": ["metrics", "DecisionTree - Bagging", "precision"], "values": [{"value": 0.5757575757575758, "step": null, "ts": 1684164924.9062772}]}, "version": 32}
{"obj": {"type": "LogFloats", "path": ["metrics", "DecisionTree - Bagging", "recall"], "values": [{"value": 0.5757575757575758, "step": null, "ts": 1684164924.906778}]}, "version": 33}
{"obj": {"type": "UploadFile", "path": ["metrics", "DecisionTree - Bagging", "conf_mtx", "1"], "ext": "png", "file_path": null, "tmp_file_name": "metrics_DecisionTree - Bagging_conf_mtx_1-1684164924.980638-2023-05-16_00.35.24.980638.png", "clean_after_upload": false}, "version": 34}
{"obj": {"type": "LogFloats", "path": ["metrics", "RandomForest - Bagging", "brier"], "values": [{"value": 0.42424242424242425, "step": null, "ts": 1684164924.981217}]}, "version": 35}
{"obj": {"type": "LogFloats", "path": ["metrics", "RandomForest - Bagging", "f1"], "values": [{"value": 0.5757575757575758, "step": null, "ts": 1684164924.981806}]}, "version": 36}
{"obj": {"type": "LogFloats", "path": ["metrics", "RandomForest - Bagging", "precision"], "values": [{"value": 0.5757575757575758, "step": null, "ts": 1684164924.982323}]}, "version": 37}
{"obj": {"type": "LogFloats", "path": ["metrics", "RandomForest - Bagging", "recall"], "values": [{"value": 0.5757575757575758, "step": null, "ts": 1684164924.982846}]}, "version": 38}
{"obj": {"type": "UploadFile", "path": ["metrics", "RandomForest - Bagging", "conf_mtx", "1"], "ext": "png", "file_path": null, "tmp_file_name": "metrics_RandomForest - Bagging_conf_mtx_1-1684164925.056445-2023-05-16_00.35.25.056445.png", "clean_after_upload": false}, "version": 39}
{"obj": {"type": "LogFloats", "path": ["hparam", "SNR(R2)"], "values": [{"value": 0.383653294107399, "step": null, "ts": 1684164925.062322}]}, "version": 40}
