{"obj": {"type": "AssignInt", "path": ["hparam", "steps"], "value": 2000}, "version": 1}
{"obj": {"type": "AssignFloat", "path": ["hparam", "ccp_alpha"], "value": 0.0}, "version": 2}
{"obj": {"type": "AssignFloat", "path": ["hparam", "max_samples"], "value": 0.8}, "version": 3}
{"obj": {"type": "LogFloats", "path": ["hparam", "SNR(R2)"], "values": [{"value": 0.22853520998509413, "step": null, "ts": 1684169830.9942322}]}, "version": 4}
{"obj": {"type": "UploadFile", "path": ["plot", "train", "0"], "ext": "png", "file_path": null, "tmp_file_name": "plot_train_0-1684169834.169859-2023-05-16_01.57.14.169859.png", "clean_after_upload": false}, "version": 5}
{"obj": {"type": "UploadFile", "path": ["plot", "test", "0"], "ext": "png", "file_path": null, "tmp_file_name": "plot_test_0-1684169835.161873-2023-05-16_01.57.15.161873.png", "clean_after_upload": false}, "version": 6}
{"obj": {"type": "LogFloats", "path": ["metrics", "RandomForest", "brier"], "values": [{"value": 0.37542662116040953, "step": null, "ts": 1684169835.272747}]}, "version": 7}
{"obj": {"type": "LogFloats", "path": ["metrics", "RandomForest", "f1"], "values": [{"value": 0.6245733788395904, "step": null, "ts": 1684169835.273985}]}, "version": 8}
{"obj": {"type": "LogFloats", "path": ["metrics", "RandomForest", "precision"], "values": [{"value": 0.6245733788395904, "step": null, "ts": 1684169835.2748852}]}, "version": 9}
{"obj": {"type": "LogFloats", "path": ["metrics", "RandomForest", "recall"], "values": [{"value": 0.6245733788395904, "step": null, "ts": 1684169835.2757661}]}, "version": 10}
{"obj": {"type": "UploadFile", "path": ["metrics", "RandomForest", "conf_mtx", "0"], "ext": "png", "file_path": null, "tmp_file_name": "metrics_RandomForest_conf_mtx_0-1684169835.405265-2023-05-16_01.57.15.405265.png", "clean_after_upload": false}, "version": 11}
{"obj": {"type": "LogFloats", "path": ["metrics", "DecisionTree - Bagging", "brier"], "values": [{"value": 0.3822525597269625, "step": null, "ts": 1684169835.406092}]}, "version": 12}
{"obj": {"type": "LogFloats", "path": ["metrics", "DecisionTree - Bagging", "f1"], "values": [{"value": 0.6177474402730375, "step": null, "ts": 1684169835.4071171}]}, "version": 13}
{"obj": {"type": "LogFloats", "path": ["metrics", "DecisionTree - Bagging", "precision"], "values": [{"value": 0.6177474402730375, "step": null, "ts": 1684169835.4080288}]}, "version": 14}
{"obj": {"type": "LogFloats", "path": ["metrics", "DecisionTree - Bagging", "recall"], "values": [{"value": 0.6177474402730375, "step": null, "ts": 1684169835.4089248}]}, "version": 15}
{"obj": {"type": "UploadFile", "path": ["metrics", "DecisionTree - Bagging", "conf_mtx", "0"], "ext": "png", "file_path": null, "tmp_file_name": "metrics_DecisionTree - Bagging_conf_mtx_0-1684169835.537744-2023-05-16_01.57.15.537744.png", "clean_after_upload": false}, "version": 16}
{"obj": {"type": "LogFloats", "path": ["metrics", "RandomForest - Bagging", "brier"], "values": [{"value": 0.40955631399317405, "step": null, "ts": 1684169835.53845}]}, "version": 17}
{"obj": {"type": "LogFloats", "path": ["metrics", "RandomForest - Bagging", "f1"], "values": [{"value": 0.590443686006826, "step": null, "ts": 1684169835.539456}]}, "version": 18}
{"obj": {"type": "LogFloats", "path": ["metrics", "RandomForest - Bagging", "precision"], "values": [{"value": 0.590443686006826, "step": null, "ts": 1684169835.540376}]}, "version": 19}
{"obj": {"type": "LogFloats", "path": ["metrics", "RandomForest - Bagging", "recall"], "values": [{"value": 0.590443686006826, "step": null, "ts": 1684169835.54128}]}, "version": 20}
{"obj": {"type": "UploadFile", "path": ["metrics", "RandomForest - Bagging", "conf_mtx", "0"], "ext": "png", "file_path": null, "tmp_file_name": "metrics_RandomForest - Bagging_conf_mtx_0-1684169835.666592-2023-05-16_01.57.15.666592.png", "clean_after_upload": false}, "version": 21}
{"obj": {"type": "LogFloats", "path": ["hparam", "SNR(R2)"], "values": [{"value": 0.2291616038341181, "step": null, "ts": 1684169835.6896021}]}, "version": 22}
