{"obj": {"type": "AssignInt", "path": ["hparam", "steps"], "value": 200}, "version": 1}
{"obj": {"type": "AssignFloat", "path": ["hparam", "ccp_alpha"], "value": 0.001}, "version": 2}
{"obj": {"type": "AssignFloat", "path": ["hparam", "max_samples"], "value": 0.6}, "version": 3}
{"obj": {"type": "LogFloats", "path": ["hparam", "SNR(R2)"], "values": [{"value": 0.00019685193745522245, "step": null, "ts": 1684163557.456311}]}, "version": 4}
{"obj": {"type": "UploadFile", "path": ["plot", "train", "0"], "ext": "png", "file_path": null, "tmp_file_name": "plot_train_0-1684163558.996618-2023-05-16_00.12.38.996618.png", "clean_after_upload": false}, "version": 5}
{"obj": {"type": "UploadFile", "path": ["plot", "test", "0"], "ext": "png", "file_path": null, "tmp_file_name": "plot_test_0-1684163559.847069-2023-05-16_00.12.39.847069.png", "clean_after_upload": false}, "version": 6}
{"obj": {"type": "LogFloats", "path": ["metrics", "RandomForest", "brier"], "values": [{"value": 0.45454545454545453, "step": null, "ts": 1684163559.901591}]}, "version": 7}
{"obj": {"type": "LogFloats", "path": ["metrics", "RandomForest", "f1"], "values": [{"value": 0.5454545454545454, "step": null, "ts": 1684163559.902308}]}, "version": 8}
{"obj": {"type": "LogFloats", "path": ["metrics", "RandomForest", "precision"], "values": [{"value": 0.5454545454545454, "step": null, "ts": 1684163559.902855}]}, "version": 9}
{"obj": {"type": "LogFloats", "path": ["metrics", "RandomForest", "recall"], "values": [{"value": 0.5454545454545454, "step": null, "ts": 1684163559.9033852}]}, "version": 10}
{"obj": {"type": "UploadFile", "path": ["metrics", "RandomForest", "conf_mtx", "0"], "ext": "png", "file_path": null, "tmp_file_name": "metrics_RandomForest_conf_mtx_0-1684163559.98317-2023-05-16_00.12.39.983170.png", "clean_after_upload": false}, "version": 11}
{"obj": {"type": "LogFloats", "path": ["metrics", "DecisionTree - Bagging", "brier"], "values": [{"value": 0.48484848484848486, "step": null, "ts": 1684163559.983778}]}, "version": 12}
{"obj": {"type": "LogFloats", "path": ["metrics", "DecisionTree - Bagging", "f1"], "values": [{"value": 0.5151515151515151, "step": null, "ts": 1684163559.984374}]}, "version": 13}
{"obj": {"type": "LogFloats", "path": ["metrics", "DecisionTree - Bagging", "precision"], "values": [{"value": 0.5151515151515151, "step": null, "ts": 1684163559.984894}]}, "version": 14}
{"obj": {"type": "LogFloats", "path": ["metrics", "DecisionTree - Bagging", "recall"], "values": [{"value": 0.5151515151515151, "step": null, "ts": 1684163559.985397}]}, "version": 15}
{"obj": {"type": "UploadFile", "path": ["metrics", "DecisionTree - Bagging", "conf_mtx", "0"], "ext": "png", "file_path": null, "tmp_file_name": "metrics_DecisionTree - Bagging_conf_mtx_0-1684163560.060691-2023-05-16_00.12.40.060691.png", "clean_after_upload": false}, "version": 16}
{"obj": {"type": "LogFloats", "path": ["metrics", "RandomForest - Bagging", "brier"], "values": [{"value": 0.42424242424242425, "step": null, "ts": 1684163560.061235}]}, "version": 17}
{"obj": {"type": "LogFloats", "path": ["metrics", "RandomForest - Bagging", "f1"], "values": [{"value": 0.5757575757575758, "step": null, "ts": 1684163560.061825}]}, "version": 18}
{"obj": {"type": "LogFloats", "path": ["metrics", "RandomForest - Bagging", "precision"], "values": [{"value": 0.5757575757575758, "step": null, "ts": 1684163560.062345}]}, "version": 19}
{"obj": {"type": "LogFloats", "path": ["metrics", "RandomForest - Bagging", "recall"], "values": [{"value": 0.5757575757575758, "step": null, "ts": 1684163560.062849}]}, "version": 20}
{"obj": {"type": "UploadFile", "path": ["metrics", "RandomForest - Bagging", "conf_mtx", "0"], "ext": "png", "file_path": null, "tmp_file_name": "metrics_RandomForest - Bagging_conf_mtx_0-1684163560.139576-2023-05-16_00.12.40.139576.png", "clean_after_upload": false}, "version": 21}
{"obj": {"type": "LogFloats", "path": ["hparam", "SNR(R2)"], "values": [{"value": 0.018463429674260623, "step": null, "ts": 1684163560.145178}]}, "version": 22}
{"obj": {"type": "UploadFile", "path": ["plot", "train", "1"], "ext": "png", "file_path": null, "tmp_file_name": "plot_train_1-1684163561.728671-2023-05-16_00.12.41.728671.png", "clean_after_upload": false}, "version": 23}
